{
  "0 debug pnpm:scope": {
    "selected": 1,
    "workspacePrefix": "/home/martin/onslip-360-homepage-menu"
  },
  "1 error pnpm": {
    "code": "ELIFECYCLE",
    "errno": "ENOENT",
    "syscall": "spawn",
    "file": "sh",
    "pkgid": "homepage-menu@0.0.1",
    "stage": "start",
    "script": "stencil build --dev --watch --serve",
    "pkgname": "homepage-menu",
    "err": {
      "name": "pnpm",
      "message": "homepage-menu@0.0.1 start: `stencil build --dev --watch --serve`\nspawn ENOENT",
      "code": "ELIFECYCLE",
      "stack": "pnpm: homepage-menu@0.0.1 start: `stencil build --dev --watch --serve`\nspawn ENOENT\n    at ChildProcess.<anonymous> (/usr/local/lib/node_modules/pnpm/dist/pnpm.cjs:91795:22)\n    at ChildProcess.emit (node:events:390:28)\n    at maybeClose (node:internal/child_process:1064:16)\n    at Process.ChildProcess._handle.onexit (node:internal/child_process:301:5)"
    }
  },
  "2 warn pnpm:global": " Local package.json exists, but node_modules missing, did you mean to install?"
}